This is pdfTeX, Version 3.141592653-2.6-1.40.22 (TeX Live 2021) (preloaded format=pdflatex 2021.6.27)  28 JUN 2021 10:49
entering extended mode
 restricted \write18 enabled.
 %&-line parsing enabled.
**SOCM034-Assignment_3-20210609.tex
(./SOCM034-Assignment_3-20210609.tex
LaTeX2e <2021-06-01> patch level 1
L3 programming layer <2021-06-18> (/Users/philippholz/Library/TinyTeX/texmf-dis
t/tex/latex/base/article.cls
Document Class: article 2021/02/12 v1.4n Standard LaTeX document class
(/Users/philippholz/Library/TinyTeX/texmf-dist/tex/latex/base/size12.clo
File: size12.clo 2021/02/12 v1.4n Standard LaTeX file (size option)
)
\c@part=\count182
\c@section=\count183
\c@subsection=\count184
\c@subsubsection=\count185
\c@paragraph=\count186
\c@subparagraph=\count187
\c@figure=\count188
\c@table=\count189
\abovecaptionskip=\skip47
\belowcaptionskip=\skip48
\bibindent=\dimen138
) (/Users/philippholz/Library/TinyTeX/texmf-dist/tex/latex/amsmath/amsmath.sty
Package: amsmath 2021/04/20 v2.17j AMS math features
\@mathmargin=\skip49
For additional information on amsmath, use the `?' option.
(/Users/philippholz/Library/TinyTeX/texmf-dist/tex/latex/amsmath/amstext.sty
Package: amstext 2000/06/29 v2.01 AMS text
(/Users/philippholz/Library/TinyTeX/texmf-dist/tex/latex/amsmath/amsgen.sty
File: amsgen.sty 1999/11/30 v2.0 generic functions
\@emptytoks=\toks16
\ex@=\dimen139
)) (/Users/philippholz/Library/TinyTeX/texmf-dist/tex/latex/amsmath/amsbsy.sty
Package: amsbsy 1999/11/29 v1.2d Bold Symbols
\pmbraise@=\dimen140
) (/Users/philippholz/Library/TinyTeX/texmf-dist/tex/latex/amsmath/amsopn.sty
Package: amsopn 2016/03/08 v2.02 operator names
)
\inf@bad=\count190
LaTeX Info: Redefining \frac on input line 234.
\uproot@=\count191
\leftroot@=\count192
LaTeX Info: Redefining \overline on input line 399.
\classnum@=\count193
\DOTSCASE@=\count194
LaTeX Info: Redefining \ldots on input line 496.
LaTeX Info: Redefining \dots on input line 499.
LaTeX Info: Redefining \cdots on input line 620.
\Mathstrutbox@=\box50
\strutbox@=\box51
\big@size=\dimen141
LaTeX Font Info:    Redeclaring font encoding OML on input line 743.
LaTeX Font Info:    Redeclaring font encoding OMS on input line 744.
\macc@depth=\count195
\c@MaxMatrixCols=\count196
\dotsspace@=\muskip16
\c@parentequation=\count197
\dspbrk@lvl=\count198
\tag@help=\toks17
\row@=\count199
\column@=\count266
\maxfields@=\count267
\andhelp@=\toks18
\eqnshift@=\dimen142
\alignsep@=\dimen143
\tagshift@=\dimen144
\tagwidth@=\dimen145
\totwidth@=\dimen146
\lineht@=\dimen147
\@envbody=\toks19
\multlinegap=\skip50
\multlinetaggap=\skip51
\mathdisplay@stack=\toks20
LaTeX Info: Redefining \[ on input line 2923.
LaTeX Info: Redefining \] on input line 2924.
) (/Users/philippholz/Library/TinyTeX/texmf-dist/tex/latex/amsfonts/amssymb.sty
Package: amssymb 2013/01/14 v3.01 AMS font symbols
(/Users/philippholz/Library/TinyTeX/texmf-dist/tex/latex/amsfonts/amsfonts.sty
Package: amsfonts 2013/01/14 v3.01 Basic AMSFonts support
\symAMSa=\mathgroup4
\symAMSb=\mathgroup5
LaTeX Font Info:    Redeclaring math symbol \hbar on input line 98.
LaTeX Font Info:    Overwriting math alphabet `\mathfrak' in version `bold'
(Font)                  U/euf/m/n --> U/euf/b/n on input line 106.
)) (/Users/philippholz/Library/TinyTeX/texmf-dist/tex/latex/lm/lmodern.sty
Package: lmodern 2015/05/01 v1.6.1 Latin Modern Fonts
LaTeX Font Info:    Overwriting symbol font `operators' in version `normal'
(Font)                  OT1/cmr/m/n --> OT1/lmr/m/n on input line 22.
LaTeX Font Info:    Overwriting symbol font `letters' in version `normal'
(Font)                  OML/cmm/m/it --> OML/lmm/m/it on input line 23.
LaTeX Font Info:    Overwriting symbol font `symbols' in version `normal'
(Font)                  OMS/cmsy/m/n --> OMS/lmsy/m/n on input line 24.
LaTeX Font Info:    Overwriting symbol font `largesymbols' in version `normal'
(Font)                  OMX/cmex/m/n --> OMX/lmex/m/n on input line 25.
LaTeX Font Info:    Overwriting symbol font `operators' in version `bold'
(Font)                  OT1/cmr/bx/n --> OT1/lmr/bx/n on input line 26.
LaTeX Font Info:    Overwriting symbol font `letters' in version `bold'
(Font)                  OML/cmm/b/it --> OML/lmm/b/it on input line 27.
LaTeX Font Info:    Overwriting symbol font `symbols' in version `bold'
(Font)                  OMS/cmsy/b/n --> OMS/lmsy/b/n on input line 28.
LaTeX Font Info:    Overwriting symbol font `largesymbols' in version `bold'
(Font)                  OMX/cmex/m/n --> OMX/lmex/m/n on input line 29.
LaTeX Font Info:    Overwriting math alphabet `\mathbf' in version `normal'
(Font)                  OT1/cmr/bx/n --> OT1/lmr/bx/n on input line 31.
LaTeX Font Info:    Overwriting math alphabet `\mathsf' in version `normal'
(Font)                  OT1/cmss/m/n --> OT1/lmss/m/n on input line 32.
LaTeX Font Info:    Overwriting math alphabet `\mathit' in version `normal'
(Font)                  OT1/cmr/m/it --> OT1/lmr/m/it on input line 33.
LaTeX Font Info:    Overwriting math alphabet `\mathtt' in version `normal'
(Font)                  OT1/cmtt/m/n --> OT1/lmtt/m/n on input line 34.
LaTeX Font Info:    Overwriting math alphabet `\mathbf' in version `bold'
(Font)                  OT1/cmr/bx/n --> OT1/lmr/bx/n on input line 35.
LaTeX Font Info:    Overwriting math alphabet `\mathsf' in version `bold'
(Font)                  OT1/cmss/bx/n --> OT1/lmss/bx/n on input line 36.
LaTeX Font Info:    Overwriting math alphabet `\mathit' in version `bold'
(Font)                  OT1/cmr/bx/it --> OT1/lmr/bx/it on input line 37.
LaTeX Font Info:    Overwriting math alphabet `\mathtt' in version `bold'
(Font)                  OT1/cmtt/m/n --> OT1/lmtt/m/n on input line 38.
) (/Users/philippholz/Library/TinyTeX/texmf-dist/tex/generic/iftex/iftex.sty
Package: iftex 2020/03/06 v1.0d TeX engine tests
) (/Users/philippholz/Library/TinyTeX/texmf-dist/tex/latex/base/fontenc.sty
Package: fontenc 2021/04/29 v2.0v Standard LaTeX package
LaTeX Font Info:    Trying to load font information for T1+lmr on input line 11
2.
(/Users/philippholz/Library/TinyTeX/texmf-dist/tex/latex/lm/t1lmr.fd
File: t1lmr.fd 2015/05/01 v1.6.1 Font defs for Latin Modern
)) (/Users/philippholz/Library/TinyTeX/texmf-dist/tex/latex/base/inputenc.sty
Package: inputenc 2021/02/14 v1.3d Input encoding file
\inpenc@prehook=\toks21
\inpenc@posthook=\toks22
) (/Users/philippholz/Library/TinyTeX/texmf-dist/tex/latex/base/textcomp.sty
Package: textcomp 2020/02/02 v2.0n Standard LaTeX package
) (/Users/philippholz/Library/TinyTeX/texmf-dist/tex/latex/xcolor/xcolor.sty
Package: xcolor 2016/05/11 v2.12 LaTeX color extensions (UK)

(/Users/philippholz/Library/TinyTeX/texmf-dist/tex/latex/graphics-cfg/color.cfg
File: color.cfg 2016/01/02 v1.6 sample color configuration
)
Package xcolor Info: Driver file: pdftex.def on input line 225.

(/Users/philippholz/Library/TinyTeX/texmf-dist/tex/latex/graphics-def/pdftex.de
f
File: pdftex.def 2020/10/05 v1.2a Graphics/color driver for pdftex
)
Package xcolor Info: Model `cmy' substituted by `cmy0' on input line 1348.
Package xcolor Info: Model `hsb' substituted by `rgb' on input line 1352.
Package xcolor Info: Model `RGB' extended on input line 1364.
Package xcolor Info: Model `HTML' substituted by `rgb' on input line 1366.
Package xcolor Info: Model `Hsb' substituted by `hsb' on input line 1367.
Package xcolor Info: Model `tHsb' substituted by `hsb' on input line 1368.
Package xcolor Info: Model `HSB' substituted by `hsb' on input line 1369.
Package xcolor Info: Model `Gray' substituted by `gray' on input line 1370.
Package xcolor Info: Model `wave' substituted by `hsb' on input line 1371.
) (/Users/philippholz/Library/TinyTeX/texmf-dist/tex/latex/hyperref/hyperref.st
y
Package: hyperref 2021-06-07 v7.00m Hypertext links for LaTeX
(/Users/philippholz/Library/TinyTeX/texmf-dist/tex/generic/ltxcmds/ltxcmds.sty
Package: ltxcmds 2020-05-10 v1.25 LaTeX kernel commands for general use (HO)
)
(/Users/philippholz/Library/TinyTeX/texmf-dist/tex/generic/pdftexcmds/pdftexcmd
s.sty
Package: pdftexcmds 2020-06-27 v0.33 Utility functions of pdfTeX for LuaTeX (HO
)

(/Users/philippholz/Library/TinyTeX/texmf-dist/tex/generic/infwarerr/infwarerr.
sty
Package: infwarerr 2019/12/03 v1.5 Providing info/warning/error messages (HO)
)
Package pdftexcmds Info: \pdf@primitive is available.
Package pdftexcmds Info: \pdf@ifprimitive is available.
Package pdftexcmds Info: \pdfdraftmode found.
) (/Users/philippholz/Library/TinyTeX/texmf-dist/tex/latex/graphics/keyval.sty
Package: keyval 2014/10/28 v1.15 key=value parser (DPC)
\KV@toks@=\toks23
)
(/Users/philippholz/Library/TinyTeX/texmf-dist/tex/generic/kvsetkeys/kvsetkeys.
sty
Package: kvsetkeys 2019/12/15 v1.18 Key value parser (HO)
)
(/Users/philippholz/Library/TinyTeX/texmf-dist/tex/generic/kvdefinekeys/kvdefin
ekeys.sty
Package: kvdefinekeys 2019-12-19 v1.6 Define keys (HO)
)
(/Users/philippholz/Library/TinyTeX/texmf-dist/tex/generic/pdfescape/pdfescape.
sty
Package: pdfescape 2019/12/09 v1.15 Implements pdfTeX's escape features (HO)
) (/Users/philippholz/Library/TinyTeX/texmf-dist/tex/latex/hycolor/hycolor.sty
Package: hycolor 2020-01-27 v1.10 Color options for hyperref/bookmark (HO)
)
(/Users/philippholz/Library/TinyTeX/texmf-dist/tex/latex/letltxmacro/letltxmacr
o.sty
Package: letltxmacro 2019/12/03 v1.6 Let assignment for LaTeX macros (HO)
) (/Users/philippholz/Library/TinyTeX/texmf-dist/tex/latex/auxhook/auxhook.sty
Package: auxhook 2019-12-17 v1.6 Hooks for auxiliary files (HO)
)
(/Users/philippholz/Library/TinyTeX/texmf-dist/tex/latex/kvoptions/kvoptions.st
y
Package: kvoptions 2020-10-07 v3.14 Key value format for package options (HO)
)
\@linkdim=\dimen148
\Hy@linkcounter=\count268
\Hy@pagecounter=\count269
(/Users/philippholz/Library/TinyTeX/texmf-dist/tex/latex/hyperref/pd1enc.def
File: pd1enc.def 2021-06-07 v7.00m Hyperref: PDFDocEncoding definition (HO)
Now handling font encoding PD1 ...
... no UTF-8 mapping file for font encoding PD1
)
(/Users/philippholz/Library/TinyTeX/texmf-dist/tex/latex/hyperref/hyperref-lang
patches.def
File: hyperref-langpatches.def 2021-06-07 v7.00m Hyperref: patches for babel la
nguages
) (/Users/philippholz/Library/TinyTeX/texmf-dist/tex/generic/intcalc/intcalc.st
y
Package: intcalc 2019/12/15 v1.3 Expandable calculations with integers (HO)
)
(/Users/philippholz/Library/TinyTeX/texmf-dist/tex/generic/etexcmds/etexcmds.st
y
Package: etexcmds 2019/12/15 v1.7 Avoid name clashes with e-TeX commands (HO)
)
\Hy@SavedSpaceFactor=\count270
(/Users/philippholz/Library/TinyTeX/texmf-dist/tex/latex/hyperref/puenc.def
File: puenc.def 2021-06-07 v7.00m Hyperref: PDF Unicode definition (HO)
Now handling font encoding PU ...
... no UTF-8 mapping file for font encoding PU
)
Package hyperref Info: Option `unicode' set `true' on input line 4073.
Package hyperref Info: Hyper figures OFF on input line 4192.
Package hyperref Info: Link nesting OFF on input line 4197.
Package hyperref Info: Hyper index ON on input line 4200.
Package hyperref Info: Plain pages OFF on input line 4207.
Package hyperref Info: Backreferencing OFF on input line 4212.
Package hyperref Info: Implicit mode ON; LaTeX internals redefined.
Package hyperref Info: Bookmarks ON on input line 4445.
\c@Hy@tempcnt=\count271
(/Users/philippholz/Library/TinyTeX/texmf-dist/tex/latex/url/url.sty
\Urlmuskip=\muskip17
Package: url 2013/09/16  ver 3.4  Verb mode for urls, etc.
)
LaTeX Info: Redefining \url on input line 4804.
\XeTeXLinkMargin=\dimen149
(/Users/philippholz/Library/TinyTeX/texmf-dist/tex/generic/bitset/bitset.sty
Package: bitset 2019/12/09 v1.3 Handle bit-vector datatype (HO)

(/Users/philippholz/Library/TinyTeX/texmf-dist/tex/generic/bigintcalc/bigintcal
c.sty
Package: bigintcalc 2019/12/15 v1.5 Expandable calculations on big integers (HO
)
))
\Fld@menulength=\count272
\Field@Width=\dimen150
\Fld@charsize=\dimen151
Package hyperref Info: Hyper figures OFF on input line 6076.
Package hyperref Info: Link nesting OFF on input line 6081.
Package hyperref Info: Hyper index ON on input line 6084.
Package hyperref Info: backreferencing OFF on input line 6091.
Package hyperref Info: Link coloring OFF on input line 6096.
Package hyperref Info: Link coloring with OCG OFF on input line 6101.
Package hyperref Info: PDF/A mode OFF on input line 6106.
LaTeX Info: Redefining \ref on input line 6146.
LaTeX Info: Redefining \pageref on input line 6150.
(/Users/philippholz/Library/TinyTeX/texmf-dist/tex/latex/base/atbegshi-ltx.sty
Package: atbegshi-ltx 2021/01/10 v1.0c Emulation of the original atbegshi
package with kernel methods
)
\Hy@abspage=\count273
\c@Item=\count274
\c@Hfootnote=\count275
)
Package hyperref Info: Driver (autodetected): hpdftex.
(/Users/philippholz/Library/TinyTeX/texmf-dist/tex/latex/hyperref/hpdftex.def
File: hpdftex.def 2021-06-07 v7.00m Hyperref driver for pdfTeX

(/Users/philippholz/Library/TinyTeX/texmf-dist/tex/latex/base/atveryend-ltx.sty
Package: atveryend-ltx 2020/08/19 v1.0a Emulation of the original atvery packag
e
with kernel methods
)
\Fld@listcount=\count276
\c@bookmark@seq@number=\count277

(/Users/philippholz/Library/TinyTeX/texmf-dist/tex/latex/rerunfilecheck/rerunfi
lecheck.sty
Package: rerunfilecheck 2019/12/05 v1.9 Rerun checks for auxiliary files (HO)

(/Users/philippholz/Library/TinyTeX/texmf-dist/tex/generic/uniquecounter/unique
counter.sty
Package: uniquecounter 2019/12/15 v1.4 Provide unlimited unique counter (HO)
)
Package uniquecounter Info: New unique counter `rerunfilecheck' on input line 2
86.
)
\Hy@SectionHShift=\skip52
) (/Users/philippholz/Library/TinyTeX/texmf-dist/tex/latex/geometry/geometry.st
y
Package: geometry 2020/01/02 v5.9 Page Geometry
(/Users/philippholz/Library/TinyTeX/texmf-dist/tex/generic/iftex/ifvtex.sty
Package: ifvtex 2019/10/25 v1.7 ifvtex legacy package. Use iftex instead.
)
\Gm@cnth=\count278
\Gm@cntv=\count279
\c@Gm@tempcnt=\count280
\Gm@bindingoffset=\dimen152
\Gm@wd@mp=\dimen153
\Gm@odd@mp=\dimen154
\Gm@even@mp=\dimen155
\Gm@layoutwidth=\dimen156
\Gm@layoutheight=\dimen157
\Gm@layouthoffset=\dimen158
\Gm@layoutvoffset=\dimen159
\Gm@dimlist=\toks24
) (/Users/philippholz/Library/TinyTeX/texmf-dist/tex/latex/fancyvrb/fancyvrb.st
y
Package: fancyvrb 2021/01/20 v3.7 verbatim text (tvz,hv)
\FV@CodeLineNo=\count281
\FV@InFile=\read2
\FV@TabBox=\box52
\c@FancyVerbLine=\count282
\FV@StepNumber=\count283
\FV@OutFile=\write3
) (/Users/philippholz/Library/TinyTeX/texmf-dist/tex/latex/framed/framed.sty
Package: framed 2011/10/22 v 0.96: framed or shaded text with page breaks
\OuterFrameSep=\skip53
\fb@frw=\dimen160
\fb@frh=\dimen161
\FrameRule=\dimen162
\FrameSep=\dimen163
) (/Users/philippholz/Library/TinyTeX/texmf-dist/tex/latex/graphics/graphicx.st
y
Package: graphicx 2020/12/05 v1.2c Enhanced LaTeX Graphics (DPC,SPQR)
(/Users/philippholz/Library/TinyTeX/texmf-dist/tex/latex/graphics/graphics.sty
Package: graphics 2021/03/04 v1.4d Standard LaTeX Graphics (DPC,SPQR)
(/Users/philippholz/Library/TinyTeX/texmf-dist/tex/latex/graphics/trig.sty
Package: trig 2016/01/03 v1.10 sin cos tan (DPC)
)
(/Users/philippholz/Library/TinyTeX/texmf-dist/tex/latex/graphics-cfg/graphics.
cfg
File: graphics.cfg 2016/06/04 v1.11 sample graphics configuration
)
Package graphics Info: Driver file: pdftex.def on input line 107.
)
\Gin@req@height=\dimen164
\Gin@req@width=\dimen165
) (/Users/philippholz/Library/TinyTeX/texmf-dist/tex/latex/tools/longtable.sty
Package: longtable 2021-05-07 v4.16 Multi-page Table package (DPC)
\LTleft=\skip54
\LTright=\skip55
\LTpre=\skip56
\LTpost=\skip57
\LTchunksize=\count284
\LTcapwidth=\dimen166
\LT@head=\box53
\LT@firsthead=\box54
\LT@foot=\box55
\LT@lastfoot=\box56
\LT@gbox=\box57
\LT@cols=\count285
\LT@rows=\count286
\c@LT@tables=\count287
\c@LT@chunks=\count288
\LT@p@ftn=\toks25
) (/Users/philippholz/Library/TinyTeX/texmf-dist/tex/latex/float/float.sty
Package: float 2001/11/08 v1.3d Float enhancements (AL)
\c@float@type=\count289
\float@exts=\toks26
\float@box=\box58
\@float@everytoks=\toks27
\@floatcapt=\box59
) (/Users/philippholz/Library/TinyTeX/texmf-dist/tex/latex/booktabs/booktabs.st
y
Package: booktabs 2020/01/12 v1.61803398 Publication quality tables
\heavyrulewidth=\dimen167
\lightrulewidth=\dimen168
\cmidrulewidth=\dimen169
\belowrulesep=\dimen170
\belowbottomsep=\dimen171
\aboverulesep=\dimen172
\abovetopsep=\dimen173
\cmidrulesep=\dimen174
\cmidrulekern=\dimen175
\defaultaddspace=\dimen176
\@cmidla=\count290
\@cmidlb=\count291
\@aboverulesep=\dimen177
\@belowrulesep=\dimen178
\@thisruleclass=\count292
\@lastruleclass=\count293
\@thisrulewidth=\dimen179
) (/Users/philippholz/Library/TinyTeX/texmf-dist/tex/latex/tools/array.sty
Package: array 2021/04/20 v2.5e Tabular extension package (FMi)
\col@sep=\dimen180
\ar@mcellbox=\box60
\extrarowheight=\dimen181
\NC@list=\toks28
\extratabsurround=\skip58
\backup@length=\skip59
\ar@cellbox=\box61
) (/Users/philippholz/Library/TinyTeX/texmf-dist/tex/latex/multirow/multirow.st
y
Package: multirow 2021/03/15 v2.8 Span multiple rows of a table
\multirow@colwidth=\skip60
\multirow@cntb=\count294
\multirow@dima=\skip61
\bigstrutjot=\dimen182
) (/Users/philippholz/Library/TinyTeX/texmf-dist/tex/latex/wrapfig/wrapfig.sty
\wrapoverhang=\dimen183
\WF@size=\dimen184
\c@WF@wrappedlines=\count295
\WF@box=\box62
\WF@everypar=\toks29
Package: wrapfig 2003/01/31  v 3.6
) (/Users/philippholz/Library/TinyTeX/texmf-dist/tex/latex/colortbl/colortbl.st
y
Package: colortbl 2020/01/04 v1.0e Color table columns (DPC)
\everycr=\toks30
\minrowclearance=\skip62
)
(/Users/philippholz/Library/TinyTeX/texmf-dist/tex/latex/pdflscape/pdflscape.st
y
Package: pdflscape 2019/12/05 v0.12 Display of landscape pages in PDF (HO)
(/Users/philippholz/Library/TinyTeX/texmf-dist/tex/latex/graphics/lscape.sty
Package: lscape 2020/05/28 v3.02 Landscape Pages (DPC)
)
Package pdflscape Info: Auto-detected driver: pdftex on input line 81.
) (/Users/philippholz/Library/TinyTeX/texmf-dist/tex/latex/tabu/tabu.sty
Package: tabu 2019/01/11 v2.9 - flexible LaTeX tabulars (FC+tabu-fixed)
(/Users/philippholz/Library/TinyTeX/texmf-dist/tex/latex/varwidth/varwidth.sty
Package: varwidth 2009/03/30 ver 0.92;  Variable-width minipages
\@vwid@box=\box63
\sift@deathcycles=\count296
\@vwid@loff=\dimen185
\@vwid@roff=\dimen186
)
\c@taburow=\count297
\tabu@nbcols=\count298
\tabu@cnt=\count299
\tabu@Xcol=\count300
\tabu@alloc=\count301
\tabu@nested=\count302
\tabu@target=\dimen187
\tabu@spreadtarget=\dimen188
\tabu@naturalX=\dimen189
\tabucolX=\dimen190
\tabu@Xsum=\dimen191
\extrarowdepth=\dimen192
\abovetabulinesep=\dimen193
\belowtabulinesep=\dimen194
\tabustrutrule=\dimen195
\tabu@thebody=\toks31
\tabu@footnotes=\toks32
\tabu@box=\box64
\tabu@arstrutbox=\box65
\tabu@hleads=\box66
\tabu@vleads=\box67
\tabu@cellskip=\skip63
)
(/Users/philippholz/Library/TinyTeX/texmf-dist/tex/latex/threeparttable/threepa
rttable.sty
Package: threeparttable 2003/06/13  v 3.0
\@tempboxb=\box68
)
(/Users/philippholz/Library/TinyTeX/texmf-dist/tex/latex/threeparttablex/threep
arttablex.sty
Package: threeparttablex 2013/07/23 v0.3 by daleif
(/Users/philippholz/Library/TinyTeX/texmf-dist/tex/latex/environ/environ.sty
Package: environ 2014/05/04 v0.3 A new way to define environments

(/Users/philippholz/Library/TinyTeX/texmf-dist/tex/latex/trimspaces/trimspaces.
sty
Package: trimspaces 2009/09/17 v1.1 Trim spaces around a token list
))
\TPTL@width=\skip64
) (/Users/philippholz/Library/TinyTeX/texmf-dist/tex/generic/ulem/ulem.sty
\UL@box=\box69
\UL@hyphenbox=\box70
\UL@skip=\skip65
\UL@hook=\toks33
\UL@height=\dimen196
\UL@pe=\count303
\UL@pixel=\dimen197
\ULC@box=\box71
Package: ulem 2019/11/18
\ULdepth=\dimen198
) (/Users/philippholz/Library/TinyTeX/texmf-dist/tex/latex/makecell/makecell.st
y
Package: makecell 2009/08/03 V0.1e Managing of Tab Column Heads and Cells
\rotheadsize=\dimen199
\c@nlinenum=\count304
\TeXr@lab=\toks34
)
\cslhangindent=\skip66
\csllabelwidth=\skip67
(/Users/philippholz/Library/TinyTeX/texmf-dist/tex/latex/tools/calc.sty
Package: calc 2017/05/25 v4.3 Infix arithmetic (KKT,FJ)
\calc@Acount=\count305
\calc@Bcount=\count306
\calc@Adimen=\dimen256
\calc@Bdimen=\dimen257
\calc@Askip=\skip68
\calc@Bskip=\skip69
LaTeX Info: Redefining \setlength on input line 80.
LaTeX Info: Redefining \addtolength on input line 81.
\calc@Ccount=\count307
\calc@Cskip=\skip70
) (/Users/philippholz/Library/TinyTeX/texmf-dist/tex/latex/etoolbox/etoolbox.st
y
Package: etoolbox 2020/10/05 v2.5k e-TeX tools for LaTeX (JAW)
\etb@tempcnta=\count308
)
(/Users/philippholz/Library/TinyTeX/texmf-dist/tex/latex/l3backend/l3backend-pd
ftex.def
File: l3backend-pdftex.def 2021-05-07 L3 backend support: PDF output (pdfTeX)
\l__color_backend_stack_int=\count309
\l__pdf_internal_box=\box72
) (./SOCM034-Assignment_3-20210609.aux

LaTeX Warning: Label `tab:unnamed-chunk-7' multiply defined.


LaTeX Warning: Label `tab:unnamed-chunk-7' multiply defined.


LaTeX Warning: Label `tab:unnamed-chunk-7' multiply defined.


LaTeX Warning: Label `tab:unnamed-chunk-9' multiply defined.


LaTeX Warning: Label `tab:unnamed-chunk-9' multiply defined.


LaTeX Warning: Label `tab:unnamed-chunk-9' multiply defined.

)
\openout1 = `SOCM034-Assignment_3-20210609.aux'.

LaTeX Font Info:    Checking defaults for OML/cmm/m/it on input line 157.
LaTeX Font Info:    ... okay on input line 157.
LaTeX Font Info:    Checking defaults for OMS/cmsy/m/n on input line 157.
LaTeX Font Info:    ... okay on input line 157.
LaTeX Font Info:    Checking defaults for OT1/cmr/m/n on input line 157.
LaTeX Font Info:    ... okay on input line 157.
LaTeX Font Info:    Checking defaults for T1/cmr/m/n on input line 157.
LaTeX Font Info:    ... okay on input line 157.
LaTeX Font Info:    Checking defaults for TS1/cmr/m/n on input line 157.
LaTeX Font Info:    ... okay on input line 157.
LaTeX Font Info:    Checking defaults for OMX/cmex/m/n on input line 157.
LaTeX Font Info:    ... okay on input line 157.
LaTeX Font Info:    Checking defaults for U/cmr/m/n on input line 157.
LaTeX Font Info:    ... okay on input line 157.
LaTeX Font Info:    Checking defaults for PD1/pdf/m/n on input line 157.
LaTeX Font Info:    ... okay on input line 157.
LaTeX Font Info:    Checking defaults for PU/pdf/m/n on input line 157.
LaTeX Font Info:    ... okay on input line 157.

(/Users/philippholz/Library/TinyTeX/texmf-dist/tex/latex/epstopdf-pkg/epstopdf-
base.sty
Package: epstopdf-base 2020-01-24 v2.11 Base part for package epstopdf
Package epstopdf-base Info: Redefining graphics rule for `.eps' on input line 4
85.

(/Users/philippholz/Library/TinyTeX/texmf-dist/tex/latex/latexconfig/epstopdf-s
ys.cfg
File: epstopdf-sys.cfg 2010/07/13 v1.3 Configuration of (r)epstopdf for TeX Liv
e
))
Package hyperref Info: Link coloring OFF on input line 157.
(/Users/philippholz/Library/TinyTeX/texmf-dist/tex/latex/hyperref/nameref.sty
Package: nameref 2021-04-02 v2.47 Cross-referencing by name of section
(/Users/philippholz/Library/TinyTeX/texmf-dist/tex/latex/refcount/refcount.sty
Package: refcount 2019/12/15 v3.6 Data extraction from label references (HO)
)
(/Users/philippholz/Library/TinyTeX/texmf-dist/tex/generic/gettitlestring/getti
tlestring.sty
Package: gettitlestring 2019/12/15 v1.6 Cleanup title references (HO)
)
\c@section@level=\count310
)
LaTeX Info: Redefining \ref on input line 157.
LaTeX Info: Redefining \pageref on input line 157.
LaTeX Info: Redefining \nameref on input line 157.
(./SOCM034-Assignment_3-20210609.out) (./SOCM034-Assignment_3-20210609.out)
\@outlinefile=\write4
\openout4 = `SOCM034-Assignment_3-20210609.out'.

*geometry* driver: auto-detecting
*geometry* detected driver: pdftex
*geometry* verbose mode - [ preamble ] result:
* driver: pdftex
* paper: <default>
* layout: <same size as paper>
* layoutoffset:(h,v)=(0.0pt,0.0pt)
* modes: 
* h-part:(L,W,R)=(72.26999pt, 469.75502pt, 72.26999pt)
* v-part:(T,H,B)=(72.26999pt, 650.43001pt, 72.26999pt)
* \paperwidth=614.295pt
* \paperheight=794.96999pt
* \textwidth=469.75502pt
* \textheight=650.43001pt
* \oddsidemargin=0.0pt
* \evensidemargin=0.0pt
* \topmargin=-37.0pt
* \headheight=12.0pt
* \headsep=25.0pt
* \topskip=12.0pt
* \footskip=30.0pt
* \marginparwidth=44.0pt
* \marginparsep=10.0pt
* \columnsep=10.0pt
* \skip\footins=10.8pt plus 4.0pt minus 2.0pt
* \hoffset=0.0pt
* \voffset=0.0pt
* \mag=1000
* \@twocolumnfalse
* \@twosidefalse
* \@mparswitchfalse
* \@reversemarginfalse
* (1in=72.27pt=25.4mm, 1cm=28.453pt)

LaTeX Font Info:    Trying to load font information for OT1+lmr on input line 1
59.
(/Users/philippholz/Library/TinyTeX/texmf-dist/tex/latex/lm/ot1lmr.fd
File: ot1lmr.fd 2015/05/01 v1.6.1 Font defs for Latin Modern
)
LaTeX Font Info:    Trying to load font information for OML+lmm on input line 1
59.
(/Users/philippholz/Library/TinyTeX/texmf-dist/tex/latex/lm/omllmm.fd
File: omllmm.fd 2015/05/01 v1.6.1 Font defs for Latin Modern
)
LaTeX Font Info:    Trying to load font information for OMS+lmsy on input line 
159.
(/Users/philippholz/Library/TinyTeX/texmf-dist/tex/latex/lm/omslmsy.fd
File: omslmsy.fd 2015/05/01 v1.6.1 Font defs for Latin Modern
)
LaTeX Font Info:    Trying to load font information for OMX+lmex on input line 
159.
(/Users/philippholz/Library/TinyTeX/texmf-dist/tex/latex/lm/omxlmex.fd
File: omxlmex.fd 2015/05/01 v1.6.1 Font defs for Latin Modern
)
LaTeX Font Info:    External font `lmex10' loaded for size
(Font)              <14.4> on input line 159.
LaTeX Font Info:    External font `lmex10' loaded for size
(Font)              <10> on input line 159.
LaTeX Font Info:    External font `lmex10' loaded for size
(Font)              <7> on input line 159.
LaTeX Font Info:    Trying to load font information for U+msa on input line 159
.
(/Users/philippholz/Library/TinyTeX/texmf-dist/tex/latex/amsfonts/umsa.fd
File: umsa.fd 2013/01/14 v3.01 AMS symbols A
)
LaTeX Font Info:    Trying to load font information for U+msb on input line 159
.
(/Users/philippholz/Library/TinyTeX/texmf-dist/tex/latex/amsfonts/umsb.fd
File: umsb.fd 2013/01/14 v3.01 AMS symbols B
) (./SOCM034-Assignment_3-20210609.toc
LaTeX Font Info:    External font `lmex10' loaded for size
(Font)              <12> on input line 10.
LaTeX Font Info:    External font `lmex10' loaded for size
(Font)              <8> on input line 10.
LaTeX Font Info:    External font `lmex10' loaded for size
(Font)              <6> on input line 10.
)
\tf@toc=\write5
\openout5 = `SOCM034-Assignment_3-20210609.toc'.

LaTeX Font Info:    Trying to load font information for T1+lmtt on input line 1
64.
(/Users/philippholz/Library/TinyTeX/texmf-dist/tex/latex/lm/t1lmtt.fd
File: t1lmtt.fd 2015/05/01 v1.6.1 Font defs for Latin Modern
)
Underfull \hbox (badness 10000) in paragraph at lines 164--170

 []


Underfull \hbox (badness 10000) in paragraph at lines 164--170

 []


Underfull \hbox (badness 10000) in paragraph at lines 164--170

 []


Underfull \hbox (badness 10000) in paragraph at lines 164--170

 []


Underfull \hbox (badness 10000) in paragraph at lines 164--170

 []

(./SOCM034-Assignment_3-20210609.lot [1

{/Users/philippholz/Library/TinyTeX/texmf-var/fonts/map/pdftex/updmap/pdftex.ma
p}])
\tf@lot=\write6
\openout6 = `SOCM034-Assignment_3-20210609.lot'.

(./SOCM034-Assignment_3-20210609.lof)
\tf@lof=\write7
\openout7 = `SOCM034-Assignment_3-20210609.lof'.


Underfull \hbox (badness 10000) in paragraph at lines 175--188

 []


Underfull \hbox (badness 10000) in paragraph at lines 175--188

 []


Underfull \hbox (badness 10000) in paragraph at lines 175--188

 []


Underfull \hbox (badness 10000) in paragraph at lines 175--188

 []


Underfull \hbox (badness 10000) in paragraph at lines 175--188

 []


Underfull \hbox (badness 10000) in paragraph at lines 175--188

 []


Underfull \hbox (badness 10000) in paragraph at lines 175--188

 []


Underfull \hbox (badness 10000) in paragraph at lines 175--188

 []


Underfull \hbox (badness 10000) in paragraph at lines 175--188

 []


Underfull \hbox (badness 10000) in paragraph at lines 175--188

 []


Underfull \hbox (badness 10000) in paragraph at lines 175--188

 []


Underfull \hbox (badness 10000) in paragraph at lines 175--188

 []

[2] [3] [4] [5]
<SOCM034-Assignment_3-20210609_files/figure-latex/cor-1.pdf, id=123, 341.275pt 
x 377.41pt>
File: SOCM034-Assignment_3-20210609_files/figure-latex/cor-1.pdf Graphic file (
type pdf)
<use SOCM034-Assignment_3-20210609_files/figure-latex/cor-1.pdf>
Package pdftex.def Info: SOCM034-Assignment_3-20210609_files/figure-latex/cor-1
.pdf  used on input line 423.
(pdftex.def)             Requested size: 341.27415pt x 377.40907pt.
[6]
<SOCM034-Assignment_3-20210609_files/figure-latex/unnamed-chunk-1-1.pdf, id=129
, 341.275pt x 379.4175pt>
File: SOCM034-Assignment_3-20210609_files/figure-latex/unnamed-chunk-1-1.pdf Gr
aphic file (type pdf)
<use SOCM034-Assignment_3-20210609_files/figure-latex/unnamed-chunk-1-1.pdf>
Package pdftex.def Info: SOCM034-Assignment_3-20210609_files/figure-latex/unnam
ed-chunk-1-1.pdf  used on input line 450.
(pdftex.def)             Requested size: 341.27936pt x 379.42235pt.
[7pdfTeX warning (ext4): destination with the same identifier (name{figure.1}) 
has been already used, duplicate ignored
<argument> ...shipout:D \box_use:N \l_shipout_box 
                                                  \__shipout_drop_firstpage_...
l.456 
       <./SOCM034-Assignment_3-20210609_files/figure-latex/cor-1.pdf>]
<SOCM034-Assignment_3-20210609_files/figure-latex/unnamed-chunk-2-1.pdf, id=143
, 341.275pt x 373.395pt>
File: SOCM034-Assignment_3-20210609_files/figure-latex/unnamed-chunk-2-1.pdf Gr
aphic file (type pdf)
<use SOCM034-Assignment_3-20210609_files/figure-latex/unnamed-chunk-2-1.pdf>
Package pdftex.def Info: SOCM034-Assignment_3-20210609_files/figure-latex/unnam
ed-chunk-2-1.pdf  used on input line 465.
(pdftex.def)             Requested size: 341.28976pt x 373.41118pt.
[8pdfTeX warning (ext4): destination with the same identifier (name{figure.2}) 
has been already used, duplicate ignored
<argument> ...shipout:D \box_use:N \l_shipout_box 
                                                  \__shipout_drop_firstpage_...
l.471 
       <./SOCM034-Assignment_3-20210609_files/figure-latex/unnamed-chunk-1-1.pd
f>]
<SOCM034-Assignment_3-20210609_files/figure-latex/diff-1.pdf, id=156, 341.275pt
 x 367.3725pt>
File: SOCM034-Assignment_3-20210609_files/figure-latex/diff-1.pdf Graphic file 
(type pdf)
<use SOCM034-Assignment_3-20210609_files/figure-latex/diff-1.pdf>
Package pdftex.def Info: SOCM034-Assignment_3-20210609_files/figure-latex/diff-
1.pdf  used on input line 480.
(pdftex.def)             Requested size: 341.29498pt x 367.394pt.
[9pdfTeX warning (ext4): destination with the same identifier (name{figure.3}) 
has been already used, duplicate ignored
<argument> ...shipout:D \box_use:N \l_shipout_box 
                                                  \__shipout_drop_firstpage_...
l.486 
       <./SOCM034-Assignment_3-20210609_files/figure-latex/unnamed-chunk-2-1.pd
f>]
<SOCM034-Assignment_3-20210609_files/figure-latex/unnamed-chunk-3-1.pdf, id=170
, 387.4475pt x 373.395pt>
File: SOCM034-Assignment_3-20210609_files/figure-latex/unnamed-chunk-3-1.pdf Gr
aphic file (type pdf)
<use SOCM034-Assignment_3-20210609_files/figure-latex/unnamed-chunk-3-1.pdf>
Package pdftex.def Info: SOCM034-Assignment_3-20210609_files/figure-latex/unnam
ed-chunk-3-1.pdf  used on input line 492.
(pdftex.def)             Requested size: 387.45245pt x 373.39978pt.
[10pdfTeX warning (ext4): destination with the same identifier (name{figure.4})
 has been already used, duplicate ignored
<argument> ...shipout:D \box_use:N \l_shipout_box 
                                                  \__shipout_drop_firstpage_...
l.498 
       <./SOCM034-Assignment_3-20210609_files/figure-latex/diff-1.pdf>] [11pdfT
eX warning (ext4): destination with the same identifier (name{figure.5}) has be
en already used, duplicate ignored
<argument> ...shipout:D \box_use:N \l_shipout_box 
                                                  \__shipout_drop_firstpage_...
l.524 W
       hile we test several criteria in choosing the right model for each <./SO
CM034-Assignment_3-20210609_files/figure-latex/unnamed-chunk-3-1.pdf>]
<SOCM034-Assignment_3-20210609_files/figure-latex/unnamed-chunk-6-1.pdf, id=195
, 379.4175pt x 590.205pt>
File: SOCM034-Assignment_3-20210609_files/figure-latex/unnamed-chunk-6-1.pdf Gr
aphic file (type pdf)
<use SOCM034-Assignment_3-20210609_files/figure-latex/unnamed-chunk-6-1.pdf>
Package pdftex.def Info: SOCM034-Assignment_3-20210609_files/figure-latex/unnam
ed-chunk-6-1.pdf  used on input line 576.
(pdftex.def)             Requested size: 379.42235pt x 590.21255pt.
[12] [13pdfTeX warning (ext4): destination with the same identifier (name{figur
e.6}) has been already used, duplicate ignored
<argument> ...shipout:D \box_use:N \l_shipout_box 
                                                  \__shipout_drop_firstpage_...
l.602 \end{longtable}
                      <./SOCM034-Assignment_3-20210609_files/figure-latex/unnam
ed-chunk-6-1.pdf>]
Underfull \hbox (badness 10000) in paragraph at lines 605--605
[]\T1/lmr/m/n/12 Table 2: []Re-gres-sion re-sults for Ger-many
 []

[14]
<SOCM034-Assignment_3-20210609_files/figure-latex/unnamed-chunk-8-1.pdf, id=220
, 384.43625pt x 617.30624pt>
File: SOCM034-Assignment_3-20210609_files/figure-latex/unnamed-chunk-8-1.pdf Gr
aphic file (type pdf)
<use SOCM034-Assignment_3-20210609_files/figure-latex/unnamed-chunk-8-1.pdf>
Package pdftex.def Info: SOCM034-Assignment_3-20210609_files/figure-latex/unnam
ed-chunk-8-1.pdf  used on input line 707.
(pdftex.def)             Requested size: 384.45876pt x 617.3424pt.
[15] [16pdfTeX warning (ext4): destination with the same identifier (name{figur
e.7}) has been already used, duplicate ignored
<argument> ...shipout:D \box_use:N \l_shipout_box 
                                                  \__shipout_drop_firstpage_...
l.726 
       <./SOCM034-Assignment_3-20210609_files/figure-latex/unnamed-chunk-8-1.pd
f>] [17]
Underfull \hbox (badness 10000) in paragraph at lines 789--815

 []


Underfull \hbox (badness 10000) in paragraph at lines 789--815

 []


Underfull \hbox (badness 10000) in paragraph at lines 789--815

 []


Underfull \hbox (badness 10000) in paragraph at lines 789--815

 []


Underfull \hbox (badness 10000) in paragraph at lines 789--815

 []


Underfull \hbox (badness 10000) in paragraph at lines 789--815

 []


Underfull \hbox (badness 10000) in paragraph at lines 789--815

 []


Underfull \hbox (badness 10000) in paragraph at lines 789--815

 []


Underfull \hbox (badness 10000) in paragraph at lines 789--815

 []


Underfull \hbox (badness 10000) in paragraph at lines 789--815

 []


Underfull \hbox (badness 10000) in paragraph at lines 789--815

 []


Underfull \hbox (badness 10000) in paragraph at lines 789--815

 []


Underfull \hbox (badness 10000) in paragraph at lines 789--815

 []


Underfull \hbox (badness 10000) in paragraph at lines 789--815

 []


Underfull \hbox (badness 10000) in paragraph at lines 789--815

 []


Underfull \hbox (badness 10000) in paragraph at lines 789--815

 []


Underfull \hbox (badness 10000) in paragraph at lines 789--815

 []


Underfull \hbox (badness 10000) in paragraph at lines 789--815

 []


Underfull \hbox (badness 10000) in paragraph at lines 789--815

 []


Underfull \hbox (badness 10000) in paragraph at lines 789--815

 []


Underfull \hbox (badness 10000) in paragraph at lines 789--815

 []


Underfull \hbox (badness 10000) in paragraph at lines 789--815

 []


Underfull \hbox (badness 10000) in paragraph at lines 789--815

 []


Underfull \hbox (badness 10000) in paragraph at lines 789--815

 []


Underfull \hbox (badness 10000) in paragraph at lines 789--815

 []

[18] [19] [20] [21] [22]
Underfull \hbox (badness 10000) in paragraph at lines 1148--1150

 []

LaTeX Font Info:    Trying to load font information for TS1+lmtt on input line 
1209.
(/Users/philippholz/Library/TinyTeX/texmf-dist/tex/latex/lm/ts1lmtt.fd
File: ts1lmtt.fd 2015/05/01 v1.6.1 Font defs for Latin Modern
) [23]
Underfull \vbox (badness 10000) detected at line 2136
 []


Underfull \vbox (badness 10000) detected at line 2136
 []

[24]
Underfull \vbox (badness 10000) detected at line 2136
 []


Underfull \vbox (badness 10000) detected at line 2136
 []

[25]
Underfull \vbox (badness 10000) detected at line 2136
 []


Underfull \vbox (badness 10000) detected at line 2136
 []

[26]
Underfull \vbox (badness 10000) detected at line 2136
 []


Underfull \vbox (badness 10000) detected at line 2136
 []

[27]
Underfull \vbox (badness 10000) detected at line 2136
 []


Overfull \vbox (2.23665pt too high) detected at line 2136
 []

[28]
Underfull \vbox (badness 10000) detected at line 2136
 []


Underfull \vbox (badness 10000) detected at line 2136
 []

[29]
Underfull \vbox (badness 10000) detected at line 2136
 []


Underfull \vbox (badness 10000) detected at line 2136
 []

[30]
Underfull \vbox (badness 10000) detected at line 2136
 []


Underfull \vbox (badness 10000) detected at line 2136
 []

[31]
Underfull \vbox (badness 10000) detected at line 2136
 []


Underfull \vbox (badness 10000) detected at line 2136
 []

[32]
Underfull \vbox (badness 10000) detected at line 2136
 []


Underfull \vbox (badness 10000) detected at line 2136
 []

[33]
Underfull \vbox (badness 10000) detected at line 2136
 []


Underfull \vbox (badness 10000) detected at line 2136
 []

[34]
Underfull \vbox (badness 10000) detected at line 2136
 []


Underfull \vbox (badness 10000) detected at line 2136
 []

[35]
Underfull \vbox (badness 10000) detected at line 2136
 []


Underfull \vbox (badness 10000) detected at line 2136
 []

[36]
Underfull \vbox (badness 10000) detected at line 2136
 []


Underfull \vbox (badness 10000) detected at line 2136
 []

[37]
Underfull \vbox (badness 10000) detected at line 2136
 []


Underfull \vbox (badness 10000) detected at line 2136
 []

[38]
Underfull \vbox (badness 10000) detected at line 2136
 []


Underfull \vbox (badness 10000) detected at line 2136
 []

[39]
Underfull \vbox (badness 10000) detected at line 2136
 []


Underfull \vbox (badness 10000) detected at line 2136
 []

[40]
Underfull \vbox (badness 10000) detected at line 2136
 []


Underfull \vbox (badness 10000) detected at line 2136
 []

[41]
Underfull \vbox (badness 10000) detected at line 2136
 []


Underfull \vbox (badness 10000) detected at line 2136
 []

[42]
Underfull \vbox (badness 10000) detected at line 2136
 []


Underfull \vbox (badness 10000) detected at line 2136
 []

[43]
Underfull \vbox (badness 10000) detected at line 2136
 []


Underfull \vbox (badness 10000) detected at line 2136
 []

[44] [45] (./SOCM034-Assignment_3-20210609.aux)

LaTeX Warning: There were multiply-defined labels.

Package rerunfilecheck Info: File `SOCM034-Assignment_3-20210609.out' has not c
hanged.
(rerunfilecheck)             Checksum: 28D7F9C696E64068D37813D0E029CCAE;1054.
 ) 
Here is how much of TeX's memory you used:
 12694 strings out of 480479
 188907 string characters out of 5897974
 765172 words of memory out of 5000000
 30042 multiletter control sequences out of 15000+600000
 454370 words of font info for 71 fonts, out of 8000000 for 9000
 14 hyphenation exceptions out of 8191
 60i,7n,70p,717b,424s stack positions out of 5000i,500n,10000p,200000b,80000s
{/Users/philippholz/Library/TinyTeX/texmf-dist/fonts/enc/dvips/lm/lm-ts1.enc}
{/Users/philippholz/Library/TinyTeX/texmf-dist/fonts/enc/dvips/lm/lm-ec.enc}{/U
sers/philippholz/Library/TinyTeX/texmf-dist/fonts/enc/dvips/lm/lm-mathsy.enc}{/
Users/philippholz/Library/TinyTeX/texmf-dist/fonts/enc/dvips/lm/lm-rm.enc}{/Use
rs/philippholz/Library/TinyTeX/texmf-dist/fonts/enc/dvips/lm/lm-mathit.enc}</Us
ers/philippholz/Library/TinyTeX/texmf-dist/fonts/type1/public/lm/lmbx12.pfb></U
sers/philippholz/Library/TinyTeX/texmf-dist/fonts/type1/public/lm/lmmi12.pfb></
Users/philippholz/Library/TinyTeX/texmf-dist/fonts/type1/public/lm/lmmi8.pfb></
Users/philippholz/Library/TinyTeX/texmf-dist/fonts/type1/public/lm/lmr12.pfb></
Users/philippholz/Library/TinyTeX/texmf-dist/fonts/type1/public/lm/lmr17.pfb></
Users/philippholz/Library/TinyTeX/texmf-dist/fonts/type1/public/lm/lmr8.pfb></U
sers/philippholz/Library/TinyTeX/texmf-dist/fonts/type1/public/lm/lmri12.pfb></
Users/philippholz/Library/TinyTeX/texmf-dist/fonts/type1/public/lm/lmsy8.pfb></
Users/philippholz/Library/TinyTeX/texmf-dist/fonts/type1/public/lm/lmtt12.pfb><
/Users/philippholz/Library/TinyTeX/texmf-dist/fonts/type1/public/lm/lmtti10.pfb
>
Output written on SOCM034-Assignment_3-20210609.pdf (45 pages, 313306 bytes).
PDF statistics:
 470 PDF objects out of 1000 (max. 8388607)
 376 compressed objects within 4 object streams
 100 named destinations out of 1000 (max. 500000)
 124 words of extra memory for PDF output out of 10000 (max. 10000000)

